[debug] ----------------------------------------------------------------------
[debug] Command:      C:\Program Files\nodejs\node.exe C:\Users\CoupC\AppData\Roaming\npm\node_modules\firebase-tools\bin\firebase deploy
[debug] CLI Version:  3.4.0
[debug] Platform:     win32
[debug] Node Version: v6.10.0
[debug] Time:         Tue Mar 07 2017 12:07:52 GMT+0100 (Paris, Madrid)
[debug] ----------------------------------------------------------------------
[debug] 
[debug] > command requires scopes: ["email","openid","https://www.googleapis.com/auth/cloudplatformprojects.readonly","https://www.googleapis.com/auth/firebase"]
[debug] >>> HTTP REQUEST GET https://admin.firebase.com/v1/projects/myresume-cc452  
 Tue Mar 07 2017 12:07:52 GMT+0100 (Paris, Madrid)
[debug] <<< HTTP RESPONSE 200
[debug] >>> HTTP REQUEST GET https://admin.firebase.com/v1/database/myresume-cc452/tokens  
 Tue Mar 07 2017 12:07:53 GMT+0100 (Paris, Madrid)
[debug] <<< HTTP RESPONSE 200
[debug] ----------------------------------------------------------------------
[debug] Command:      C:\Program Files\nodejs\node.exe C:\Users\CoupC\AppData\Roaming\npm\node_modules\firebase-tools\bin\firebase deploy
[debug] CLI Version:  3.4.0
[debug] Platform:     win32
[debug] Node Version: v6.10.0
[debug] Time:         Tue Mar 07 2017 12:29:26 GMT+0100 (Paris, Madrid)
[debug] ----------------------------------------------------------------------
[debug] 
[debug] > command requires scopes: ["email","openid","https://www.googleapis.com/auth/cloudplatformprojects.readonly","https://www.googleapis.com/auth/firebase"]
[debug] >>> HTTP REQUEST GET https://admin.firebase.com/v1/projects/myresume-cc452  
 Tue Mar 07 2017 12:29:26 GMT+0100 (Paris, Madrid)
[debug] <<< HTTP RESPONSE 200
[debug] >>> HTTP REQUEST GET https://admin.firebase.com/v1/database/myresume-cc452/tokens  
 Tue Mar 07 2017 12:29:28 GMT+0100 (Paris, Madrid)
[debug] <<< HTTP RESPONSE 200
